<?xml version="1.0" encoding="UTF-8"?>
<!-- Generated by org.testng.reporters.JUnitReportReporter -->
<testsuite skipped="0" hostname="DESKTOP-KDJALBG" name="com.javabykiran.SpringbootWeekendBatch.SpringBootTestDemo" tests="3" failures="0" timestamp="26 Sep 2020 19:30:52 GMT" time="65.981" errors="0">
  <testcase name="TestcaseoforGetAllEmployee" time="3.419" classname="com.javabykiran.SpringbootWeekendBatch.SpringBootTestDemo"/>
  <testcase name="postStudent" time="0.174" classname="com.javabykiran.SpringbootWeekendBatch.SpringBootTestDemo"/>
  <testcase name="VerifyResponseSpecificUser" time="62.388" classname="com.javabykiran.SpringbootWeekendBatch.SpringBootTestDemo"/>
</testsuite> <!-- com.javabykiran.SpringbootWeekendBatch.SpringBootTestDemo -->
